SF:lib\core\error\failure.dart
DA:6,4
DA:8,0
DA:9,0
DA:13,0
DA:17,0
DA:22,4
DA:29,0
LF:7
LH:2
end_of_record
SF:lib\features\auth\domain\use_case\login_usecase.dart
DA:47,1
DA:53,0
DA:57,0
DA:58,0
DA:65,1
DA:67,1
DA:69,4
DA:71,1
DA:72,2
DA:73,1
DA:74,2
DA:75,2
DA:76,1
DA:77,1
LF:14
LH:11
end_of_record
SF:lib\app\shared_prefs\token_shared_prefs.dart
DA:8,0
DA:10,0
DA:12,0
DA:15,0
DA:19,0
DA:21,0
DA:22,0
DA:24,0
LF:8
LH:0
end_of_record
SF:lib\features\auth\domain\entity\auth_entity.dart
DA:13,1
DA:24,1
DA:33,0
DA:35,0
LF:4
LH:2
end_of_record
SF:lib\features\auth\domain\use_case\register_usecase.dart
DA:18,1
DA:28,0
DA:37,0
DA:38,0
DA:44,1
DA:46,1
DA:48,1
DA:50,1
DA:51,1
DA:52,1
DA:53,1
DA:54,1
DA:55,1
DA:58,2
LF:14
LH:11
end_of_record
SF:lib\features\auth\domain\use_case\upload_image_usecase.dart
DA:10,1
DA:19,1
DA:21,1
DA:23,3
LF:4
LH:4
end_of_record
SF:lib\features\auth\domain\use_case\verify_usecase.dart
DA:10,0
DA:13,1
DA:17,0
DA:18,0
DA:24,1
DA:26,1
DA:28,4
LF:7
LH:4
end_of_record
